This is pdfTeX, Version 3.14159265-2.6-1.40.18 (TeX Live 2017) (preloaded format=pdflatex 2017.5.23)  26 JAN 2019 13:58
entering extended mode
 restricted \write18 enabled.
 file:line:error style messages enabled.
 %&-line parsing enabled.
**thesis.tex
(./thesis.tex
LaTeX2e <2017-04-15>
Babel <3.10> and hyphenation patterns for 84 language(s) loaded.
(/usr/local/texlive/2017/texmf-dist/tex/latex/xcolor/xcolor.sty
Package: xcolor 2016/05/11 v2.12 LaTeX color extensions (UK)

(/usr/local/texlive/2017/texmf-dist/tex/latex/graphics-cfg/color.cfg
File: color.cfg 2016/01/02 v1.6 sample color configuration
)
Package xcolor Info: Driver file: pdftex.def on input line 225.

(/usr/local/texlive/2017/texmf-dist/tex/latex/graphics-def/pdftex.def
File: pdftex.def 2017/01/12 v0.06k Graphics/color for pdfTeX

(/usr/local/texlive/2017/texmf-dist/tex/generic/oberdiek/infwarerr.sty
Package: infwarerr 2016/05/16 v1.4 Providing info/warning/error messages (HO)
)
(/usr/local/texlive/2017/texmf-dist/tex/generic/oberdiek/ltxcmds.sty
Package: ltxcmds 2016/05/16 v1.23 LaTeX kernel commands for general use (HO)
)
\Gread@gobject=\count79
)
(/usr/local/texlive/2017/texmf-dist/tex/latex/colortbl/colortbl.sty
Package: colortbl 2012/02/13 v1.0a Color table columns (DPC)

(/usr/local/texlive/2017/texmf-dist/tex/latex/tools/array.sty
Package: array 2016/10/06 v2.4d Tabular extension package (FMi)
\col@sep=\dimen102
\extrarowheight=\dimen103
\NC@list=\toks14
\extratabsurround=\skip41
\backup@length=\skip42
)
\everycr=\toks15
\minrowclearance=\skip43
)
\rownum=\count80
Package xcolor Info: Model `cmy' substituted by `cmy0' on input line 1348.
Package xcolor Info: Model `hsb' substituted by `rgb' on input line 1352.
Package xcolor Info: Model `RGB' extended on input line 1364.
Package xcolor Info: Model `HTML' substituted by `rgb' on input line 1366.
Package xcolor Info: Model `Hsb' substituted by `hsb' on input line 1367.
Package xcolor Info: Model `tHsb' substituted by `hsb' on input line 1368.
Package xcolor Info: Model `HSB' substituted by `hsb' on input line 1369.
Package xcolor Info: Model `Gray' substituted by `gray' on input line 1370.
Package xcolor Info: Model `wave' substituted by `hsb' on input line 1371.
)
(./puthesis_undergraduate.cls
Document Class: puthesis_undergraduate 2006/11/10 v1.0 Princeton University Und
ergraduate Thesis class
(/usr/local/texlive/2017/texmf-dist/tex/latex/setspace/setspace.sty
Package: setspace 2011/12/19 v6.7a set line spacing
)
\c@subyear=\count81

(/usr/local/texlive/2017/texmf-dist/tex/latex/base/report.cls
Document Class: report 2014/09/29 v1.4h Standard LaTeX document class
(/usr/local/texlive/2017/texmf-dist/tex/latex/base/size12.clo
File: size12.clo 2014/09/29 v1.4h Standard LaTeX file (size option)
)
\c@part=\count82
\c@chapter=\count83
\c@section=\count84
\c@subsection=\count85
\c@subsubsection=\count86
\c@paragraph=\count87
\c@subparagraph=\count88
\c@figure=\count89
\c@table=\count90
\abovecaptionskip=\skip44
\belowcaptionskip=\skip45
\bibindent=\dimen104
))
(/usr/local/texlive/2017/texmf-dist/tex/latex/amsfonts/amsfonts.sty
Package: amsfonts 2013/01/14 v3.01 Basic AMSFonts support
\@emptytoks=\toks16
\symAMSa=\mathgroup4
\symAMSb=\mathgroup5
LaTeX Font Info:    Overwriting math alphabet `\mathfrak' in version `bold'
(Font)                  U/euf/m/n --> U/euf/b/n on input line 106.
)
(/usr/local/texlive/2017/texmf-dist/tex/latex/amsfonts/amssymb.sty
Package: amssymb 2013/01/14 v3.01 AMS font symbols
)
(/usr/local/texlive/2017/texmf-dist/tex/latex/amsmath/amsmath.sty
Package: amsmath 2016/11/05 v2.16a AMS math features
\@mathmargin=\skip46

For additional information on amsmath, use the `?' option.
(/usr/local/texlive/2017/texmf-dist/tex/latex/amsmath/amstext.sty
Package: amstext 2000/06/29 v2.01 AMS text

(/usr/local/texlive/2017/texmf-dist/tex/latex/amsmath/amsgen.sty
File: amsgen.sty 1999/11/30 v2.0 generic functions
\@emptytoks=\toks17
\ex@=\dimen105
))
(/usr/local/texlive/2017/texmf-dist/tex/latex/amsmath/amsbsy.sty
Package: amsbsy 1999/11/29 v1.2d Bold Symbols
\pmbraise@=\dimen106
)
(/usr/local/texlive/2017/texmf-dist/tex/latex/amsmath/amsopn.sty
Package: amsopn 2016/03/08 v2.02 operator names
)
\inf@bad=\count91
LaTeX Info: Redefining \frac on input line 213.
\uproot@=\count92
\leftroot@=\count93
LaTeX Info: Redefining \overline on input line 375.
\classnum@=\count94
\DOTSCASE@=\count95
LaTeX Info: Redefining \ldots on input line 472.
LaTeX Info: Redefining \dots on input line 475.
LaTeX Info: Redefining \cdots on input line 596.
\Mathstrutbox@=\box26
\strutbox@=\box27
\big@size=\dimen107
LaTeX Font Info:    Redeclaring font encoding OML on input line 712.
LaTeX Font Info:    Redeclaring font encoding OMS on input line 713.
\macc@depth=\count96
\c@MaxMatrixCols=\count97
\dotsspace@=\muskip10
\c@parentequation=\count98
\dspbrk@lvl=\count99
\tag@help=\toks18
\row@=\count100
\column@=\count101
\maxfields@=\count102
\andhelp@=\toks19
\eqnshift@=\dimen108
\alignsep@=\dimen109
\tagshift@=\dimen110
\tagwidth@=\dimen111
\totwidth@=\dimen112
\lineht@=\dimen113
\@envbody=\toks20
\multlinegap=\skip47
\multlinetaggap=\skip48
\mathdisplay@stack=\toks21
LaTeX Info: Redefining \[ on input line 2817.
LaTeX Info: Redefining \] on input line 2818.
)
(/usr/local/texlive/2017/texmf-dist/tex/latex/amscls/amsthm.sty
Package: amsthm 2015/03/04 v2.20.2
\thm@style=\toks22
\thm@bodyfont=\toks23
\thm@headfont=\toks24
\thm@notefont=\toks25
\thm@headpunct=\toks26
\thm@preskip=\skip49
\thm@postskip=\skip50
\thm@headsep=\skip51
\dth@everypar=\toks27
)
(/usr/local/texlive/2017/texmf-dist/tex/latex/base/latexsym.sty
Package: latexsym 1998/08/17 v2.2e Standard LaTeX package (lasy symbols)
\symlasy=\mathgroup6
LaTeX Font Info:    Overwriting symbol font `lasy' in version `bold'
(Font)                  U/lasy/m/n --> U/lasy/b/n on input line 52.
)
(/usr/local/texlive/2017/texmf-dist/tex/latex/graphics/graphicx.sty
Package: graphicx 2014/10/28 v1.0g Enhanced LaTeX Graphics (DPC,SPQR)

(/usr/local/texlive/2017/texmf-dist/tex/latex/graphics/keyval.sty
Package: keyval 2014/10/28 v1.15 key=value parser (DPC)
\KV@toks@=\toks28
)
(/usr/local/texlive/2017/texmf-dist/tex/latex/graphics/graphics.sty
Package: graphics 2017/04/14 v1.1b Standard LaTeX Graphics (DPC,SPQR)

(/usr/local/texlive/2017/texmf-dist/tex/latex/graphics/trig.sty
Package: trig 2016/01/03 v1.10 sin cos tan (DPC)
)
(/usr/local/texlive/2017/texmf-dist/tex/latex/graphics-cfg/graphics.cfg
File: graphics.cfg 2016/06/04 v1.11 sample graphics configuration
)
Package graphics Info: Driver file: pdftex.def on input line 99.
)
\Gin@req@height=\dimen114
\Gin@req@width=\dimen115
)
(/usr/local/texlive/2017/texmf-dist/tex/latex/natbib/natbib.sty
Package: natbib 2010/09/13 8.31b (PWD, AO)
\bibhang=\skip52
\bibsep=\skip53
LaTeX Info: Redefining \cite on input line 694.
\c@NAT@ctr=\count103
)
(/usr/local/texlive/2017/texmf-dist/tex/latex/url/url.sty
\Urlmuskip=\muskip11
Package: url 2013/09/16  ver 3.4  Verb mode for urls, etc.
)
(/usr/local/texlive/2017/texmf-dist/tex/latex/algorithm2e/algorithm2e.sty
Package: algorithm2e 2013/01/06 v5.00 algorithms environments
\c@AlgoLine=\count104

(/usr/local/texlive/2017/texmf-dist/tex/latex/base/ifthen.sty
Package: ifthen 2014/09/29 v1.1c Standard LaTeX ifthen package (DPC)
)
\algocf@hangindent=\skip54

(/usr/local/texlive/2017/texmf-dist/tex/latex/tools/xspace.sty
Package: xspace 2014/10/28 v1.13 Space after command names (DPC,MH)
)
(/usr/local/texlive/2017/texmf-dist/tex/latex/relsize/relsize.sty
Package: relsize 2013/03/29 ver 4.1
)
********************************************************
Package `algorithm2e' Release 5.1 -- october 19 2015 --
- algorithm2e-announce@lirmm.fr mailing list for announcement about releases
- algorithm2e-discussion@lirmm.fr mailing list for discussion about package
subscribe by emailing sympa@lirmm.fr with 'subscribe <list> <firstname name>'
- Author: Christophe Fiorio (christophe.fiorio@umontpellier.fr)
********************************************************
\skiptotal=\skip55
\skiplinenumber=\skip56
\skiprule=\skip57
\skiphlne=\skip58
\skiptext=\skip59
\skiplength=\skip60
\algomargin=\skip61
\skipalgocfslide=\skip62
\algowidth=\dimen116
\inoutsize=\dimen117
\inoutindent=\dimen118
\interspacetitleruled=\dimen119
\interspacealgoruled=\dimen120
\interspacetitleboxruled=\dimen121
\algocf@ruledwidth=\skip63
\algocf@inoutbox=\box28
\algocf@inputbox=\box29
\AlCapSkip=\skip64
\AlCapHSkip=\skip65
\algoskipindent=\skip66
\algocf@nlbox=\box30
\algocf@hangingbox=\box31
\algocf@untilbox=\box32
\algocf@skipuntil=\skip67
\algocf@capbox=\box33
\algoheightruledefault=\skip68
\algoheightrule=\skip69
\algotitleheightruledefault=\skip70
\algotitleheightrule=\skip71
\c@algocfline=\count105
\c@algocfproc=\count106
\c@algocf=\count107
\algocf@algoframe=\box34
\algocf@algobox=\box35
) (/usr/local/texlive/2017/texmf-dist/tex/latex/listings/listings.sty
\lst@mode=\count108
\lst@gtempboxa=\box36
\lst@token=\toks29
\lst@length=\count109
\lst@currlwidth=\dimen122
\lst@column=\count110
\lst@pos=\count111
\lst@lostspace=\dimen123
\lst@width=\dimen124
\lst@newlines=\count112
\lst@lineno=\count113
\lst@maxwidth=\dimen125

(/usr/local/texlive/2017/texmf-dist/tex/latex/listings/lstmisc.sty
File: lstmisc.sty 2015/06/04 1.6 (Carsten Heinz)
\c@lstnumber=\count114
\lst@skipnumbers=\count115
\lst@framebox=\box37
)
(/usr/local/texlive/2017/texmf-dist/tex/latex/listings/listings.cfg
File: listings.cfg 2015/06/04 1.6 listings configuration
))
Package: listings 2015/06/04 1.6 (Carsten Heinz)

(./thesis.aux)
\openout1 = `thesis.aux'.

LaTeX Font Info:    Checking defaults for OML/cmm/m/it on input line 55.
LaTeX Font Info:    ... okay on input line 55.
LaTeX Font Info:    Checking defaults for T1/cmr/m/n on input line 55.
LaTeX Font Info:    ... okay on input line 55.
LaTeX Font Info:    Checking defaults for OT1/cmr/m/n on input line 55.
LaTeX Font Info:    ... okay on input line 55.
LaTeX Font Info:    Checking defaults for OMS/cmsy/m/n on input line 55.
LaTeX Font Info:    ... okay on input line 55.
LaTeX Font Info:    Checking defaults for OMX/cmex/m/n on input line 55.
LaTeX Font Info:    ... okay on input line 55.
LaTeX Font Info:    Checking defaults for U/cmr/m/n on input line 55.
LaTeX Font Info:    ... okay on input line 55.

(/usr/local/texlive/2017/texmf-dist/tex/context/base/mkii/supp-pdf.mkii
[Loading MPS to PDF converter (version 2006.09.02).]
\scratchcounter=\count116
\scratchdimen=\dimen126
\scratchbox=\box38
\nofMPsegments=\count117
\nofMParguments=\count118
\everyMPshowfont=\toks30
\MPscratchCnt=\count119
\MPscratchDim=\dimen127
\MPnumerator=\count120
\makeMPintoPDFobject=\count121
\everyMPtoPDFconversion=\toks31
) (/usr/local/texlive/2017/texmf-dist/tex/generic/oberdiek/pdftexcmds.sty
Package: pdftexcmds 2017/03/19 v0.25 Utility functions of pdfTeX for LuaTeX (HO
)

(/usr/local/texlive/2017/texmf-dist/tex/generic/oberdiek/ifluatex.sty
Package: ifluatex 2016/05/16 v1.4 Provides the ifluatex switch (HO)
Package ifluatex Info: LuaTeX not detected.
)
(/usr/local/texlive/2017/texmf-dist/tex/generic/oberdiek/ifpdf.sty
Package: ifpdf 2017/03/15 v3.2 Provides the ifpdf switch
)
Package pdftexcmds Info: LuaTeX not detected.
Package pdftexcmds Info: \pdf@primitive is available.
Package pdftexcmds Info: \pdf@ifprimitive is available.
Package pdftexcmds Info: \pdfdraftmode found.
)
(/usr/local/texlive/2017/texmf-dist/tex/latex/oberdiek/epstopdf-base.sty
Package: epstopdf-base 2016/05/15 v2.6 Base part for package epstopdf

(/usr/local/texlive/2017/texmf-dist/tex/latex/oberdiek/grfext.sty
Package: grfext 2016/05/16 v1.2 Manage graphics extensions (HO)

(/usr/local/texlive/2017/texmf-dist/tex/generic/oberdiek/kvdefinekeys.sty
Package: kvdefinekeys 2016/05/16 v1.4 Define keys (HO)
))
(/usr/local/texlive/2017/texmf-dist/tex/latex/oberdiek/kvoptions.sty
Package: kvoptions 2016/05/16 v3.12 Key value format for package options (HO)

(/usr/local/texlive/2017/texmf-dist/tex/generic/oberdiek/kvsetkeys.sty
Package: kvsetkeys 2016/05/16 v1.17 Key value parser (HO)

(/usr/local/texlive/2017/texmf-dist/tex/generic/oberdiek/etexcmds.sty
Package: etexcmds 2016/05/16 v1.6 Avoid name clashes with e-TeX commands (HO)
Package etexcmds Info: Could not find \expanded.
(etexcmds)             That can mean that you are not using pdfTeX 1.50 or
(etexcmds)             that some package has redefined \expanded.
(etexcmds)             In the latter case, load this package earlier.
)))
Package epstopdf-base Info: Redefining graphics rule for `.eps' on input line 4
38.
Package grfext Info: Graphics extension search list:
(grfext)             [.png,.pdf,.jpg,.mps,.jpeg,.jbig2,.jb2,.PNG,.PDF,.JPG,.JPE
G,.JBIG2,.JB2,.eps]
(grfext)             \AppendGraphicsExtensions on input line 456.

(/usr/local/texlive/2017/texmf-dist/tex/latex/latexconfig/epstopdf-sys.cfg
File: epstopdf-sys.cfg 2010/07/13 v1.3 Configuration of (r)epstopdf for TeX Liv
e
))
[1

{/usr/local/texlive/2017/texmf-var/fonts/map/pdftex/updmap/pdftex.map}]
Underfull \hbox (badness 10000) in paragraph at lines 55--55

 []


Underfull \hbox (badness 10000) in paragraph at lines 55--55

 []


Underfull \hbox (badness 10000) in paragraph at lines 55--55

 []

[2

] (./Chapters/abstract.tex) [3

] (./Chapters/acknowledgments.tex) [4

]
(./thesis.toc
LaTeX Font Info:    Try loading font information for U+msa on input line 1.
 (/usr/local/texlive/2017/texmf-dist/tex/latex/amsfonts/umsa.fd
File: umsa.fd 2013/01/14 v3.01 AMS symbols A
)
LaTeX Font Info:    Try loading font information for U+msb on input line 1.

(/usr/local/texlive/2017/texmf-dist/tex/latex/amsfonts/umsb.fd
File: umsb.fd 2013/01/14 v3.01 AMS symbols B
)
LaTeX Font Info:    Try loading font information for U+lasy on input line 1.

(/usr/local/texlive/2017/texmf-dist/tex/latex/base/ulasy.fd
File: ulasy.fd 1998/08/17 v2.2e LaTeX symbol font definitions
) [5


])
\tf@toc=\write3
\openout3 = `thesis.toc'.

 [6]
(./thesis.lot)
\tf@lot=\write4
\openout4 = `thesis.lot'.

 [7


] (./thesis.lof)
\tf@lof=\write5
\openout5 = `thesis.lof'.

 [8


] (./thesis.lol)
\tf@lol=\write6
\openout6 = `thesis.lol'.

 [9


]
\c@lstlisting=\count122

Chapter 1.
(./Chapters/progress.tex
LaTeX Font Info:    Try loading font information for OMS+cmr on input line 4.

(/usr/local/texlive/2017/texmf-dist/tex/latex/base/omscmr.fd
File: omscmr.fd 2014/09/29 v2.5h Standard LaTeX font definitions
)
LaTeX Font Info:    Font shape `OMS/cmr/m/n' in size <12> not available
(Font)              Font shape `OMS/cmsy/m/n' tried instead on input line 4.
 [1



]) [2]
Chapter 2.
(./Chapters/timeline.tex [3

]) [4]
Chapter 3.
(./Chapters/introduction.tex
Missing character: There is no ‚ in font cmr12!
Missing character: There is no Ä in font cmr12!
Missing character: There is no ú in font cmr12!
Missing character: There is no ‚ in font cmr12!
Missing character: There is no Ä in font cmr12!
Missing character: There is no ù in font cmr12!
 [5

] [6]) [7]
Chapter 4.
(./Chapters/literature_review.tex [8

]
Missing character: There is no ‚ in font cmr12!
Missing character: There is no Ä in font cmr12!
Missing character: There is no ô in font cmr12!
Missing character: There is no ‚ in font cmr12!
Missing character: There is no Ä in font cmr12!
Missing character: There is no ¶ in font cmr12!
Missing character: There is no ‚ in font cmr12!
Missing character: There is no Ä in font cmr12!
Missing character: There is no ¶ in font cmr12!
 [9]) [10] [11]
Chapter 5.
(./Chapters/data.tex
Missing character: There is no ‚ in font cmr12!
Missing character: There is no Ä in font cmr12!
Missing character: There is no ú in font cmr12!
Missing character: There is no ‚ in font cmr12!
Missing character: There is no Ä in font cmr12!
Missing character: There is no ù in font cmr12!
Missing character: There is no ‚ in font cmr12!
Missing character: There is no Ä in font cmr12!
Missing character: There is no ú in font cmr12!
Missing character: There is no ‚ in font cmr12!
Missing character: There is no Ä in font cmr12!
Missing character: There is no ù in font cmr12!
 [12

]
<Figures/12_30_18_LOB.png, id=78, 433.62pt x 289.08pt>
File: Figures/12_30_18_LOB.png Graphic file (type png)

<use Figures/12_30_18_LOB.png>
Package pdftex.def Info: Figures/12_30_18_LOB.png used on input line 12.
(pdftex.def)             Requested size: 346.89731pt x 231.27754pt.
 [13]
<Figures/12_30_18_Updates.png, id=83, 726.715pt x 261.97874pt>
File: Figures/12_30_18_Updates.png Graphic file (type png)

<use Figures/12_30_18_Updates.png>
Package pdftex.def Info: Figures/12_30_18_Updates.png used on input line 22.
(pdftex.def)             Requested size: 346.89731pt x 125.0568pt.
) [14 <./Figures/12_30_18_LOB.png>] [15 <./Figures/12_30_18_Updates.png>]
Chapter 6.
(./Chapters/experiment.tex
Missing character: There is no ‚ in font cmr12!
Missing character: There is no Ä in font cmr12!
Missing character: There is no ¶ in font cmr12!
Missing character: There is no ‚ in font cmr12!
Missing character: There is no Ä in font cmr12!
Missing character: There is no ¶ in font cmr12!
 [16

] [17]
<Figures/pos_-2.png, id=99, 433.62pt x 289.08pt>
File: Figures/pos_-2.png Graphic file (type png)
 <use Figures/pos_-2.png>
Package pdftex.def Info: Figures/pos_-2.png used on input line 27.
(pdftex.def)             Requested size: 170.71652pt x 113.8126pt.

<Figures/neg_-2.png, id=100, 433.62pt x 289.08pt>
File: Figures/neg_-2.png Graphic file (type png)
 <use Figures/neg_-2.png>
Package pdftex.def Info: Figures/neg_-2.png used on input line 30.
(pdftex.def)             Requested size: 170.71652pt x 113.8126pt.

<Figures/pos_-1.png, id=101, 433.62pt x 289.08pt>
File: Figures/pos_-1.png Graphic file (type png)
 <use Figures/pos_-1.png>
Package pdftex.def Info: Figures/pos_-1.png used on input line 33.
(pdftex.def)             Requested size: 170.71652pt x 113.8126pt.

<Figures/neg_-1.png, id=102, 433.62pt x 289.08pt>
File: Figures/neg_-1.png Graphic file (type png)
 <use Figures/neg_-1.png>
Package pdftex.def Info: Figures/neg_-1.png used on input line 36.
(pdftex.def)             Requested size: 170.71652pt x 113.8126pt.

<Figures/pos_1.png, id=103, 433.62pt x 289.08pt>
File: Figures/pos_1.png Graphic file (type png)
 <use Figures/pos_1.png>
Package pdftex.def Info: Figures/pos_1.png used on input line 39.
(pdftex.def)             Requested size: 170.71652pt x 113.8126pt.

<Figures/neg_1.png, id=104, 433.62pt x 289.08pt>
File: Figures/neg_1.png Graphic file (type png)
 <use Figures/neg_1.png>
Package pdftex.def Info: Figures/neg_1.png used on input line 42.
(pdftex.def)             Requested size: 170.71652pt x 113.8126pt.

<Figures/pos_2.png, id=105, 433.62pt x 289.08pt>
File: Figures/pos_2.png Graphic file (type png)
 <use Figures/pos_2.png>
Package pdftex.def Info: Figures/pos_2.png used on input line 45.
(pdftex.def)             Requested size: 170.71652pt x 113.8126pt.

<Figures/neg_2.png, id=106, 433.62pt x 289.08pt>
File: Figures/neg_2.png Graphic file (type png)
 <use Figures/neg_2.png>
Package pdftex.def Info: Figures/neg_2.png used on input line 48.
(pdftex.def)             Requested size: 170.71652pt x 113.8126pt.

[18] [19 <./Figures/pos_-2.png> <./Figures/neg_-2.png> <./Figures/pos_-1.png> <
./Figures/neg_-1.png> <./Figures/pos_1.png> <./Figures/neg_1.png> <./Figures/po
s_2.png> <./Figures/neg_2.png>] [20]
<Figures/QQ_pos_k-2.png, id=124, 433.62pt x 289.08pt>
File: Figures/QQ_pos_k-2.png Graphic file (type png)

<use Figures/QQ_pos_k-2.png>
Package pdftex.def Info: Figures/QQ_pos_k-2.png used on input line 131.
(pdftex.def)             Requested size: 170.71652pt x 113.8126pt.

<Figures/hist_pos_k-2.png, id=125, 433.62pt x 289.08pt>
File: Figures/hist_pos_k-2.png Graphic file (type png)

<use Figures/hist_pos_k-2.png>
Package pdftex.def Info: Figures/hist_pos_k-2.png used on input line 134.
(pdftex.def)             Requested size: 170.71652pt x 113.8126pt.

<Figures/QQ_pos_k-1.png, id=126, 433.62pt x 289.08pt>
File: Figures/QQ_pos_k-1.png Graphic file (type png)

<use Figures/QQ_pos_k-1.png>
Package pdftex.def Info: Figures/QQ_pos_k-1.png used on input line 137.
(pdftex.def)             Requested size: 170.71652pt x 113.8126pt.

<Figures/hist_pos_k-1.png, id=127, 433.62pt x 289.08pt>
File: Figures/hist_pos_k-1.png Graphic file (type png)

<use Figures/hist_pos_k-1.png>
Package pdftex.def Info: Figures/hist_pos_k-1.png used on input line 140.
(pdftex.def)             Requested size: 170.71652pt x 113.8126pt.

<Figures/QQ_pos_k1.png, id=128, 433.62pt x 289.08pt>
File: Figures/QQ_pos_k1.png Graphic file (type png)

<use Figures/QQ_pos_k1.png>
Package pdftex.def Info: Figures/QQ_pos_k1.png used on input line 143.
(pdftex.def)             Requested size: 170.71652pt x 113.8126pt.

<Figures/hist_pos_k1.png, id=129, 433.62pt x 289.08pt>
File: Figures/hist_pos_k1.png Graphic file (type png)

<use Figures/hist_pos_k1.png>
Package pdftex.def Info: Figures/hist_pos_k1.png used on input line 146.
(pdftex.def)             Requested size: 170.71652pt x 113.8126pt.

<Figures/QQ_pos_k2.png, id=130, 433.62pt x 289.08pt>
File: Figures/QQ_pos_k2.png Graphic file (type png)

<use Figures/QQ_pos_k2.png>
Package pdftex.def Info: Figures/QQ_pos_k2.png used on input line 149.
(pdftex.def)             Requested size: 170.71652pt x 113.8126pt.

<Figures/hist_pos_k2.png, id=131, 433.62pt x 289.08pt>
File: Figures/hist_pos_k2.png Graphic file (type png)

<use Figures/hist_pos_k2.png>
Package pdftex.def Info: Figures/hist_pos_k2.png used on input line 152.
(pdftex.def)             Requested size: 170.71652pt x 113.8126pt.

<Figures/QQ_neg_k-2.png, id=132, 433.62pt x 289.08pt>
File: Figures/QQ_neg_k-2.png Graphic file (type png)

<use Figures/QQ_neg_k-2.png>
Package pdftex.def Info: Figures/QQ_neg_k-2.png used on input line 165.
(pdftex.def)             Requested size: 170.71652pt x 113.8126pt.

<Figures/hist_neg_k-2.png, id=133, 433.62pt x 289.08pt>
File: Figures/hist_neg_k-2.png Graphic file (type png)

<use Figures/hist_neg_k-2.png>
Package pdftex.def Info: Figures/hist_neg_k-2.png used on input line 168.
(pdftex.def)             Requested size: 170.71652pt x 113.8126pt.

<Figures/QQ_neg_k-1.png, id=134, 433.62pt x 289.08pt>
File: Figures/QQ_neg_k-1.png Graphic file (type png)

<use Figures/QQ_neg_k-1.png>
Package pdftex.def Info: Figures/QQ_neg_k-1.png used on input line 171.
(pdftex.def)             Requested size: 170.71652pt x 113.8126pt.

<Figures/hist_neg_k-1.png, id=135, 433.62pt x 289.08pt>
File: Figures/hist_neg_k-1.png Graphic file (type png)

<use Figures/hist_neg_k-1.png>
Package pdftex.def Info: Figures/hist_neg_k-1.png used on input line 174.
(pdftex.def)             Requested size: 170.71652pt x 113.8126pt.

<Figures/QQ_neg_k1.png, id=136, 433.62pt x 289.08pt>
File: Figures/QQ_neg_k1.png Graphic file (type png)

<use Figures/QQ_neg_k1.png>
Package pdftex.def Info: Figures/QQ_neg_k1.png used on input line 177.
(pdftex.def)             Requested size: 170.71652pt x 113.8126pt.

<Figures/hist_neg_k1.png, id=137, 433.62pt x 289.08pt>
File: Figures/hist_neg_k1.png Graphic file (type png)

<use Figures/hist_neg_k1.png>
Package pdftex.def Info: Figures/hist_neg_k1.png used on input line 180.
(pdftex.def)             Requested size: 170.71652pt x 113.8126pt.

<Figures/QQ_neg_k2.png, id=138, 433.62pt x 289.08pt>
File: Figures/QQ_neg_k2.png Graphic file (type png)

<use Figures/QQ_neg_k2.png>
Package pdftex.def Info: Figures/QQ_neg_k2.png used on input line 183.
(pdftex.def)             Requested size: 170.71652pt x 113.8126pt.

<Figures/hist_neg_k2.png, id=139, 433.62pt x 289.08pt>
File: Figures/hist_neg_k2.png Graphic file (type png)

<use Figures/hist_neg_k2.png>
Package pdftex.def Info: Figures/hist_neg_k2.png used on input line 186.
(pdftex.def)             Requested size: 170.71652pt x 113.8126pt.
 [21] [22 <./Figures/QQ_pos_k-2.png> <./Figures/hist_pos_k-2.png> <./Figures/QQ
_pos_k-1.png> <./Figures/hist_pos_k-1.png> <./Figures/QQ_pos_k1.png> <./Figures
/hist_pos_k1.png> <./Figures/QQ_pos_k2.png> <./Figures/hist_pos_k2.png>] [23 <.
/Figures/QQ_neg_k-2.png> <./Figures/hist_neg_k-2.png> <./Figures/QQ_neg_k-1.png
> <./Figures/hist_neg_k-1.png> <./Figures/QQ_neg_k1.png> <./Figures/hist_neg_k1
.png> <./Figures/QQ_neg_k2.png> <./Figures/hist_neg_k2.png>] <Figures/pos_pos.p
ng, id=166, 585.18625pt x 327.2225pt>
File: Figures/pos_pos.png Graphic file (type png)

<use Figures/pos_pos.png>
Package pdftex.def Info: Figures/pos_pos.png used on input line 198.
(pdftex.def)             Requested size: 346.89731pt x 193.9833pt.

<Figures/pos_neg.png, id=167, 579.16376pt x 327.2225pt>
File: Figures/pos_neg.png Graphic file (type png)

<use Figures/pos_neg.png>
Package pdftex.def Info: Figures/pos_neg.png used on input line 208.
(pdftex.def)             Requested size: 346.89731pt x 195.99548pt.

<Figures/neg_neg.png, id=168, 579.16376pt x 331.2375pt>
File: Figures/neg_neg.png Graphic file (type png)

<use Figures/neg_neg.png>
Package pdftex.def Info: Figures/neg_neg.png used on input line 218.
(pdftex.def)             Requested size: 346.89731pt x 198.40033pt.
 [24 <./Figures/pos_pos.png>] [25 <./Figures/pos_neg.png>] [26 <./Figures/neg_n
eg.png>]
Underfull \hbox (badness 10000) in paragraph at lines 241--243

 []


Overfull \hbox (0.79999pt too wide) detected at line 256
|[]|
 []

[27]
Overfull \hbox (0.79999pt too wide) detected at line 280
|[]|
 []

) [28] [29]
Chapter 7.
(./Chapters/analysis.tex) [30

]
Chapter 8.
(./Chapters/code_listings.tex
(/usr/local/texlive/2017/texmf-dist/tex/latex/listings/lstlang1.sty
File: lstlang1.sty 2015/06/04 1.6 listings language file
)
(./Code/imports.tex [31

]) (./Code/collect_data.tex
LaTeX Font Info:    Font shape `OMS/cmr/m/n' in size <10> not available
(Font)              Font shape `OMS/cmsy/m/n' tried instead on input line 10.
 [32] [33])
(./Code/parse_file.tex [34] [35] [36]
LaTeX Font Info:    Try loading font information for OML+cmr on input line 80.

(/usr/local/texlive/2017/texmf-dist/tex/latex/base/omlcmr.fd
File: omlcmr.fd 2014/09/29 v2.5h Standard LaTeX font definitions
)
LaTeX Font Info:    Font shape `OML/cmr/m/n' in size <10> not available
(Font)              Font shape `OML/cmm/m/it' tried instead on input line 80.
 [37] [38]
[39]) (./Code/correlated_poisson.tex [40])) [41]
Chapter 9.
(./Chapters/conclusion.tex) (./thesis.bbl [42

] [43

]
Missing character: There is no √ in font cmr12!
Missing character: There is no ® in font cmr12!
) [44] (./thesis.aux)

LaTeX Warning: Label(s) may have changed. Rerun to get cross-references right.

 )
(\end occurred inside a group at level 1)

### simple group (level 1) entered at line 1061 ({)
### bottom level 
Here is how much of TeX's memory you used:
 6371 strings out of 492995
 88808 string characters out of 6132704
 305188 words of memory out of 5000000
 9724 multiletter control sequences out of 15000+600000
 15516 words of font info for 64 fonts, out of 8000000 for 9000
 1141 hyphenation exceptions out of 8191
 41i,20n,43p,1746b,3920s stack positions out of 5000i,500n,10000p,200000b,80000s
</usr/local/texlive/2017/texmf-dist/fonts/type1/public/amsfonts
/cm/cmbx12.pfb></usr/local/texlive/2017/texmf-dist/fonts/type1/public/amsfonts/
cm/cmcsc10.pfb></usr/local/texlive/2017/texmf-dist/fonts/type1/public/amsfonts/
cm/cmex10.pfb></usr/local/texlive/2017/texmf-dist/fonts/type1/public/amsfonts/c
m/cmmi10.pfb></usr/local/texlive/2017/texmf-dist/fonts/type1/public/amsfonts/cm
/cmmi12.pfb></usr/local/texlive/2017/texmf-dist/fonts/type1/public/amsfonts/cm/
cmmi8.pfb></usr/local/texlive/2017/texmf-dist/fonts/type1/public/amsfonts/cm/cm
r10.pfb></usr/local/texlive/2017/texmf-dist/fonts/type1/public/amsfonts/cm/cmr1
2.pfb></usr/local/texlive/2017/texmf-dist/fonts/type1/public/amsfonts/cm/cmr8.p
fb></usr/local/texlive/2017/texmf-dist/fonts/type1/public/amsfonts/cm/cmsy10.pf
b></usr/local/texlive/2017/texmf-dist/fonts/type1/public/amsfonts/cm/cmsy8.pfb>
</usr/local/texlive/2017/texmf-dist/fonts/type1/public/amsfonts/cm/cmti12.pfb><
/usr/local/texlive/2017/texmf-dist/fonts/type1/public/amsfonts/cm/cmtt12.pfb>
Output written on thesis.pdf (53 pages, 3302904 bytes).
PDF statistics:
 287 PDF objects out of 1000 (max. 8388607)
 159 compressed objects within 2 object streams
 0 named destinations out of 1000 (max. 500000)
 146 words of extra memory for PDF output out of 10000 (max. 10000000)

